<?xml version="1.0" encoding="UTF-8"?>
<testsuite xmlns:xsi="http://www.w3.org/2001/XMLSchema-instance" xsi:noNamespaceSchemaLocation="https://maven.apache.org/surefire/maven-surefire-plugin/xsd/surefire-test-report-3.0.xsd" version="3.0" name="Dashboard functionality" time="67.949" tests="1" errors="0" skipped="0" failures="0">
  <properties>
[...]
</properties>
  <testcase name="outline: Positive login scenario for Event Manager and verify they have access to 15 modules" classname="Dashboard functionality" time="67.949">
    <system-out><![CDATA[Mar 03, 2023 9:28:19 AM net.masterthought.cucumber.ReportParser parseJsonFiles
INFO: File 'C:\Users\taylo\AppData\Local\Temp\cucumber6490954449450094681.json' contains 1 features

&amp#27;[32m&amp#27;[1m┌──────────────────────────────────────────────────────────────────────────┐&amp#27;[0m
&amp#27;[32m&amp#27;[1m│&amp#27;[0m View your Cucumber Report at:                                            &amp#27;[32m&amp#27;[1m│&amp#27;[0m
&amp#27;[32m&amp#27;[1m│&amp#27;[0m &amp#27;[1m&amp#27;[36m&amp#27;[4mhttps://reports.cucumber.io/reports/d71fba60-b9c2-4482-8ab5-0ddf4b2e554d&amp#27;[0m &amp#27;[32m&amp#27;[1m│&amp#27;[0m
&amp#27;[32m&amp#27;[1m│&amp#27;[0m                                                                          &amp#27;[32m&amp#27;[1m│&amp#27;[0m
&amp#27;[32m&amp#27;[1m│&amp#27;[0m &amp#27;[1mThis report will self-destruct in 24h.&amp#27;[0m                                   &amp#27;[32m&amp#27;[1m│&amp#27;[0m
&amp#27;[32m&amp#27;[1m│&amp#27;[0m Keep reports forever: &amp#27;[4m&amp#27;[1m&amp#27;[36mhttps://reports.cucumber.io/profile&amp#27;[0m                &amp#27;[32m&amp#27;[1m│&amp#27;[0m
&amp#27;[32m&amp#27;[1m└──────────────────────────────────────────────────────────────────────────┘&amp#27;[0m

@smoke
Scenario: outline: Positive login scenario for Event Manager and verify they have access to 15 modules &amp#27;[90m# src/test/resources/features/US07_MainModules_EventsManager.feature:7&amp#27;[0m
  &amp#27;[32mGiven &amp#27;[0m&amp#27;[32muser is on the ERP app login page&amp#27;[0m                                                              &amp#27;[90m# com.cydeo.step_definitions.US07step_definitions.user_is_on_the_erp_app_login_page()&amp#27;[0m
  &amp#27;[32mWhen &amp#27;[0m&amp#27;[32muser for events enters below correct credentials&amp#27;[0m                                                &amp#27;[90m# com.cydeo.step_definitions.US07step_definitions.user_for_events_enters_below_correct_credentials(java.util.Map<java.lang.String, java.lang.String>)&amp#27;[0m
    | username | eventscrmmanager10@info.com |
    | password | eventscrmmanager            |
  &amp#27;[32mAnd &amp#27;[0m&amp#27;[32muser clicks login button&amp#27;[0m                                                                         &amp#27;[90m# com.cydeo.step_definitions.US07step_definitions.user_clicks_login_button()&amp#27;[0m
EventsCRMManager10 - EventsCRMManager10
  &amp#27;[32mThen &amp#27;[0m&amp#27;[32muser should see their name on dashboard&amp#27;[0m                                                         &amp#27;[90m# com.cydeo.step_definitions.US07step_definitions.user_should_see_their_name_on_dashboard()&amp#27;[0m
  &amp#27;[32mThen &amp#27;[0m&amp#27;[32muser sees &amp#27;[0m&amp#27;[32m&amp#27;[1m15&amp#27;[0m&amp#27;[32m modules&amp#27;[0m                                                                            &amp#27;[90m# com.cydeo.step_definitions.US07step_definitions.user_sees_modules(int)&amp#27;[0m
1
Discuss
2
Calendar
3
Notes
4
Contacts
5
CRM
6
Sales
7
Website
8
Inventory
9
Repairs
10
Events
11
Employees
12
Leaves
13
Expenses
14
Maintenance
15
Dashboards
  &amp#27;[32mThen &amp#27;[0m&amp#27;[32muser should have access to modules&amp#27;[0m                                                              &amp#27;[90m# com.cydeo.step_definitions.US07step_definitions.user_should_have_access_to_modules()&amp#27;[0m
]]></system-out>
    <system-err><![CDATA[SLF4J: Failed to load class "org.slf4j.impl.StaticLoggerBinder".
SLF4J: Defaulting to no-operation (NOP) logger implementation
SLF4J: See http://www.slf4j.org/codes.html#StaticLoggerBinder for further details.
Starting ChromeDriver 110.0.5481.77 (65ed616c6e8ee3fe0ad64fe83796c020644d42af-refs/branch-heads/5481@{#839}) on port 25215
Only local connections are allowed.
Please see https://chromedriver.chromium.org/security-considerations for suggestions on keeping ChromeDriver safe.
ChromeDriver was started successfully.
[1677860832.471][WARNING]: virtual void DevToolsClientImpl::AddListener(DevToolsEventListener *) subscribing a listener to the already connected DevToolsClient. Connection notification will not arrive.
Mar 03, 2023 9:27:12 AM org.openqa.selenium.devtools.CdpVersionFinder findNearestMatch
WARNING: Unable to find an exact match for CDP version 110, so returning the closest version found: 109
]]></system-err>
  </testcase>
</testsuite>